<?xml version="1.0" encoding="UTF-8"?>
<!-- Generated by org.testng.reporters.JUnitReportReporter -->
<testsuite hostname="DESKTOP-V8OUIHS" failures="0" tests="4" name="api.test.UserTests" time="6.005" errors="0" timestamp="2023-06-11T23:01:38 AST" skipped="0">
  <testcase classname="api.test.UserTests" name="testPostUser" time="2.364"/>
  <system-out/>
  <testcase classname="api.test.UserTests" name="testGetUserByName" time="0.930"/>
  <system-out/>
  <testcase classname="api.test.UserTests" name="testUpdateUserByName" time="1.815"/>
  <system-out/>
  <testcase classname="api.test.UserTests" name="testDeleteUserByName" time="0.896"/>
  <system-out/>
</testsuite> <!-- api.test.UserTests -->
