<?xml version="1.0" encoding="UTF-8"?>
<!-- Generated by org.testng.reporters.JUnitReportReporter -->
<testsuite hostname="DESKTOP-V8OUIHS" failures="0" tests="6" name="api.test.DDTest" time="5.456" errors="0" timestamp="2023-06-11T23:01:38 AST" skipped="0">
  <testcase classname="api.test.DDTest" name="testPostUser" time="0.906"/>
  <system-out/>
  <testcase classname="api.test.DDTest" name="testPostUser" time="0.915"/>
  <system-out/>
  <testcase classname="api.test.DDTest" name="testPostUser" time="0.894"/>
  <system-out/>
  <testcase classname="api.test.DDTest" name="testDeleteUserByName" time="0.909"/>
  <system-out/>
  <testcase classname="api.test.DDTest" name="testDeleteUserByName" time="0.918"/>
  <system-out/>
  <testcase classname="api.test.DDTest" name="testDeleteUserByName" time="0.914"/>
  <system-out/>
</testsuite> <!-- api.test.DDTest -->
