<?xml version="1.0" encoding="UTF-8"?>
<!-- Generated by org.testng.reporters.JUnitReportReporter -->
<testsuite hostname="DESKTOP-V8OUIHS" failures="0" tests="1" name="com.lambdatest.TestDemo1" time="4.209" errors="0" timestamp="2023-06-14T20:46:54 AST" skipped="0">
  <testcase classname="com.lambdatest.TestDemo1" name="basicTest1" time="4.209"/>
  <system-out/>
</testsuite> <!-- com.lambdatest.TestDemo1 -->
